[0m13:31:48.391097 [debug] [MainThread]: Sending event: {'category': 'dbt', 'action': 'invocation', 'label': 'start', 'context': [<snowplow_tracker.self_describing_json.SelfDescribingJson object at 0x10d7261e0>, <snowplow_tracker.self_describing_json.SelfDescribingJson object at 0x10cd92570>, <snowplow_tracker.self_describing_json.SelfDescribingJson object at 0x10cd924b0>]}


============================== 13:31:48.414849 | 210ac4fb-ce7d-4ff8-b912-093d75dd14f0 ==============================
[0m13:31:48.414849 [info ] [MainThread]: Running with dbt=1.11.2
[0m13:31:48.415129 [debug] [MainThread]: running dbt with arguments {'write_json': 'True', 'version_check': 'True', 'printer_width': '80', 'log_path': 'logs', 'static_parser': 'True', 'warn_error': 'None', 'cache_selected_only': 'False', 'use_colors': 'True', 'indirect_selection': 'eager', 'partial_parse': 'True', 'no_print': 'None', 'warn_error_options': 'WarnErrorOptionsV2(error=[], warn=[], silence=[])', 'profiles_dir': '/Users/aadil.mansoori/.dbt', 'log_cache_events': 'False', 'invocation_command': 'dbt init', 'send_anonymous_usage_stats': 'True', 'use_experimental_parser': 'False', 'log_format': 'default', 'empty': 'None', 'debug': 'False', 'introspect': 'True', 'target_path': 'None', 'fail_fast': 'False', 'quiet': 'False'}
[0m13:32:34.587188 [debug] [MainThread]: Starter project path: /Users/aadil.mansoori/Desktop/AWS_SNOWFLAKE_DBT_PRO_FINAL/.venv/lib/python3.12/site-packages/dbt/include/starter_project
[0m13:32:34.675977 [info ] [MainThread]: 
Your new dbt project "dbt_snowflake_aws_project" was created!

For more information on how to configure the profiles.yml file,
please consult the dbt documentation here:

  https://docs.getdbt.com/docs/configure-your-profile

One more thing:

Need help? Don't hesitate to reach out to us via GitHub issues or on Slack:

  https://community.getdbt.com/

Happy modeling!

[0m13:32:34.676375 [info ] [MainThread]: Setting up your profile.
[0m13:32:52.385824 [debug] [MainThread]: Snowflake adapter: Setting snowflake.connector to ERROR (file logging only)
[0m13:32:52.386949 [debug] [MainThread]: Snowflake adapter: Setting botocore to ERROR (file logging only)
[0m13:32:52.387576 [debug] [MainThread]: Snowflake adapter: Setting boto3 to ERROR (file logging only)
[0m13:54:21.474549 [info ] [MainThread]: Profile dbt_snowflake_aws_project written to /Users/aadil.mansoori/.dbt/profiles.yml using target's profile_template.yml and your supplied values. Run 'dbt debug' to validate the connection.
[0m13:54:21.477546 [debug] [MainThread]: Resource report: {"command_name": "init", "command_success": true, "command_wall_clock_time": 1353.1652, "process_in_blocks": "0", "process_kernel_time": 3.50327, "process_mem_max_rss": "158547968", "process_out_blocks": "0", "process_user_time": 5.27467}
[0m13:54:21.479948 [debug] [MainThread]: Command `dbt init` succeeded at 13:54:21.479570 after 1353.17 seconds
[0m13:54:21.481139 [debug] [MainThread]: Sending event: {'category': 'dbt', 'action': 'invocation', 'label': 'end', 'context': [<snowplow_tracker.self_describing_json.SelfDescribingJson object at 0x10e81c140>, <snowplow_tracker.self_describing_json.SelfDescribingJson object at 0x10e383b90>, <snowplow_tracker.self_describing_json.SelfDescribingJson object at 0x10e2f8da0>]}
[0m13:54:21.481948 [debug] [MainThread]: Flushing usage events
[0m13:54:22.639707 [debug] [MainThread]: An error was encountered while trying to flush usage events
[0m15:47:12.238645 [debug] [MainThread]: Sending event: {'category': 'dbt', 'action': 'invocation', 'label': 'start', 'context': [<snowplow_tracker.self_describing_json.SelfDescribingJson object at 0x10d228770>, <snowplow_tracker.self_describing_json.SelfDescribingJson object at 0x10d893ef0>, <snowplow_tracker.self_describing_json.SelfDescribingJson object at 0x10d893fe0>]}


============================== 15:47:12.243743 | b02c8f69-b3c2-451b-aa9d-386a1cef50cc ==============================
[0m15:47:12.243743 [info ] [MainThread]: Running with dbt=1.11.2
[0m15:47:12.244012 [debug] [MainThread]: running dbt with arguments {'write_json': 'True', 'profiles_dir': '/Users/aadil.mansoori/.dbt', 'warn_error': 'None', 'log_path': 'logs', 'static_parser': 'True', 'indirect_selection': 'eager', 'quiet': 'False', 'invocation_command': 'dbt run --select models/demo', 'warn_error_options': 'WarnErrorOptionsV2(error=[], warn=[], silence=[])', 'printer_width': '80', 'log_format': 'default', 'use_experimental_parser': 'False', 'target_path': 'None', 'no_print': 'None', 'version_check': 'True', 'partial_parse': 'True', 'cache_selected_only': 'False', 'empty': 'False', 'send_anonymous_usage_stats': 'True', 'log_cache_events': 'False', 'debug': 'False', 'use_colors': 'True', 'introspect': 'True', 'fail_fast': 'False'}
[0m15:47:12.244459 [error] [MainThread]: Encountered an error:
Runtime Error
  No dbt_project.yml found at expected path /Users/aadil.mansoori/Desktop/AWS_SNOWFLAKE_DBT_PRO_FINAL/dbt_project.yml
  Verify that each entry within packages.yml (and their transitive dependencies) contains a file named dbt_project.yml
  
[0m15:47:12.244798 [debug] [MainThread]: Resource report: {"command_name": "run", "command_success": false, "command_wall_clock_time": 0.057844374, "process_in_blocks": "0", "process_kernel_time": 0.629722, "process_mem_max_rss": "107986944", "process_out_blocks": "0", "process_user_time": 1.064834}
[0m15:47:12.245035 [debug] [MainThread]: Command `dbt run` failed at 15:47:12.244992 after 0.06 seconds
[0m15:47:12.245174 [debug] [MainThread]: Sending event: {'category': 'dbt', 'action': 'invocation', 'label': 'end', 'context': [<snowplow_tracker.self_describing_json.SelfDescribingJson object at 0x10d893e60>, <snowplow_tracker.self_describing_json.SelfDescribingJson object at 0x10d228770>, <snowplow_tracker.self_describing_json.SelfDescribingJson object at 0x104fe3140>]}
[0m15:47:12.245309 [debug] [MainThread]: Flushing usage events
[0m15:47:13.490837 [debug] [MainThread]: An error was encountered while trying to flush usage events
[0m15:47:46.248241 [debug] [MainThread]: Sending event: {'category': 'dbt', 'action': 'invocation', 'label': 'start', 'context': [<snowplow_tracker.self_describing_json.SelfDescribingJson object at 0x10a6bfc20>, <snowplow_tracker.self_describing_json.SelfDescribingJson object at 0x10b488380>, <snowplow_tracker.self_describing_json.SelfDescribingJson object at 0x10b4880e0>]}


============================== 15:47:46.252225 | e26f3caa-a97e-4415-978b-0dfa552b9150 ==============================
[0m15:47:46.252225 [info ] [MainThread]: Running with dbt=1.11.2
[0m15:47:46.252584 [debug] [MainThread]: running dbt with arguments {'debug': 'False', 'target_path': 'None', 'invocation_command': 'dbt run --select models/demo', 'profiles_dir': '/Users/aadil.mansoori/.dbt', 'indirect_selection': 'eager', 'send_anonymous_usage_stats': 'True', 'introspect': 'True', 'log_format': 'default', 'printer_width': '80', 'partial_parse': 'True', 'log_path': 'logs', 'quiet': 'False', 'warn_error': 'None', 'fail_fast': 'False', 'empty': 'False', 'warn_error_options': 'WarnErrorOptionsV2(error=[], warn=[], silence=[])', 'write_json': 'True', 'log_cache_events': 'False', 'version_check': 'True', 'use_experimental_parser': 'False', 'no_print': 'None', 'static_parser': 'True', 'use_colors': 'True', 'cache_selected_only': 'False'}
[0m15:47:46.252917 [error] [MainThread]: Encountered an error:
Runtime Error
  No dbt_project.yml found at expected path /Users/aadil.mansoori/Desktop/AWS_SNOWFLAKE_DBT_PRO_FINAL/dbt_project.yml
  Verify that each entry within packages.yml (and their transitive dependencies) contains a file named dbt_project.yml
  
[0m15:47:46.253284 [debug] [MainThread]: Resource report: {"command_name": "run", "command_success": false, "command_wall_clock_time": 0.07380429, "process_in_blocks": "0", "process_kernel_time": 0.289848, "process_mem_max_rss": "108118016", "process_out_blocks": "0", "process_user_time": 0.805569}
[0m15:47:46.253582 [debug] [MainThread]: Command `dbt run` failed at 15:47:46.253527 after 0.07 seconds
[0m15:47:46.253778 [debug] [MainThread]: Sending event: {'category': 'dbt', 'action': 'invocation', 'label': 'end', 'context': [<snowplow_tracker.self_describing_json.SelfDescribingJson object at 0x10a6bfc20>, <snowplow_tracker.self_describing_json.SelfDescribingJson object at 0x10b2aaba0>, <snowplow_tracker.self_describing_json.SelfDescribingJson object at 0x10b488230>]}
[0m15:47:46.253969 [debug] [MainThread]: Flushing usage events
[0m15:47:47.282760 [debug] [MainThread]: An error was encountered while trying to flush usage events
